<?xml version="1.0" encoding="UTF-8" standalone="no"?>
<!DOCTYPE log SYSTEM "logger.dtd">
<log>
<record>
  <date>2022-12-06T09:15:35.853-0300</date>
  <logger>ISMAEL RAIMUNDO DA SILVA NETO</logger>
  <level>FINE</level>
  <message>File 121111104-ISMAEL RAIMUNDO DA SILVA NETO.zip was received. It was sent by ISMAEL RAIMUNDO DA SILVA NETO from IP 150.165.42.186 at 06-12-2022 09*15*35</message>
</record>
</log>
<?xml version="1.0" encoding="UTF-8" standalone="no"?>
<!DOCTYPE log SYSTEM "logger.dtd">
<log>
<record>
  <date>2022-12-06T19:23:45.986-0300</date>
  <logger>ISMAEL RAIMUNDO DA SILVA NETO</logger>
  <level>FINE</level>
  <message>File 121111104-ISMAEL RAIMUNDO DA SILVA NETO.zip was received. It was sent by ISMAEL RAIMUNDO DA SILVA NETO from IP 192.168.0.106 at 06-12-2022 19*23*45</message>
</record>
</log>
<?xml version="1.0" encoding="UTF-8" standalone="no"?>
<!DOCTYPE log SYSTEM "logger.dtd">
<log>
<record>
  <date>2022-12-06T19:41:53.026-0300</date>
  <logger>ISMAEL RAIMUNDO DA SILVA NETO</logger>
  <level>FINE</level>
  <message>File 121111104-ISMAEL RAIMUNDO DA SILVA NETO.zip was received. It was sent by ISMAEL RAIMUNDO DA SILVA NETO from IP 192.168.0.106 at 06-12-2022 19*41*53</message>
</record>
