<?xml version="1.0" encoding="UTF-8" standalone="no"?>
<!DOCTYPE log SYSTEM "logger.dtd">
<log>
<record>
  <date>2022-11-27T08:38:05.481-0300</date>
  <logger>ISMAEL RAIMUNDO DA SILVA NETO</logger>
  <level>FINE</level>
  <message>File 121111104-ISMAEL RAIMUNDO DA SILVA NETO.zip was received. It was sent by ISMAEL RAIMUNDO DA SILVA NETO from IP 192.168.0.103 at 27-11-2022 08*38*05</message>
</record>
</log>
<?xml version="1.0" encoding="UTF-8" standalone="no"?>
<!DOCTYPE log SYSTEM "logger.dtd">
<log>
<record>
  <date>2022-11-28T13:45:39.518-0300</date>
  <logger>ISMAEL RAIMUNDO DA SILVA NETO</logger>
  <level>FINE</level>
  <message>File 121111104-ISMAEL RAIMUNDO DA SILVA NETO.zip was received. It was sent by ISMAEL RAIMUNDO DA SILVA NETO from IP 192.168.0.103 at 28-11-2022 13*45*39</message>
</record>
</log>
<?xml version="1.0" encoding="UTF-8" standalone="no"?>
<!DOCTYPE log SYSTEM "logger.dtd">
<log>
<record>
  <date>2022-11-28T13:46:21.072-0300</date>
  <logger>ISMAEL RAIMUNDO DA SILVA NETO</logger>
  <level>FINE</level>
  <message>File 121111104-ISMAEL RAIMUNDO DA SILVA NETO.zip was received. It was sent by ISMAEL RAIMUNDO DA SILVA NETO from IP 192.168.0.103 at 28-11-2022 13*46*21</message>
</record>
