<?xml version="1.0" encoding="UTF-8" standalone="no"?>
<!DOCTYPE log SYSTEM "logger.dtd">
<log>
<record>
  <date>2022-11-08T09:18:59.520-0300</date>
  <logger>ISMAEL RAIMUNDO DA SILVA NETO</logger>
  <level>FINE</level>
  <message>File 121111104-ISMAEL RAIMUNDO DA SILVA NETO.zip was received. It was sent by ISMAEL RAIMUNDO DA SILVA NETO from IP 150.165.42.186 at 08-11-2022 09*18*59</message>
</record>
</log>
<?xml version="1.0" encoding="UTF-8" standalone="no"?>
<!DOCTYPE log SYSTEM "logger.dtd">
<log>
<record>
  <date>2022-11-08T09:21:50.593-0300</date>
  <logger>ISMAEL RAIMUNDO DA SILVA NETO</logger>
  <level>FINE</level>
  <message>File 121111104-ISMAEL RAIMUNDO DA SILVA NETO.zip was received. It was sent by ISMAEL RAIMUNDO DA SILVA NETO from IP 150.165.42.186 at 08-11-2022 09*21*50</message>
</record>
</log>
<?xml version="1.0" encoding="UTF-8" standalone="no"?>
<!DOCTYPE log SYSTEM "logger.dtd">
<log>
<record>
  <date>2022-11-08T09:30:33.910-0300</date>
  <logger>ISMAEL RAIMUNDO DA SILVA NETO</logger>
  <level>FINE</level>
  <message>File 121111104-ISMAEL RAIMUNDO DA SILVA NETO.zip was received. It was sent by ISMAEL RAIMUNDO DA SILVA NETO from IP 150.165.42.186 at 08-11-2022 09*30*33</message>
</record>
